
============================================================
2026-06-18 20:10:29.778958
Traceback (most recent call last):
  File "/Users/aykut/tekstil-stok/main.py", line 6841, in <module>
    main()
  File "/Users/aykut/tekstil-stok/main.py", line 6831, in main
    window = MainWindow()
  File "/Users/aykut/tekstil-stok/main.py", line 6329, in __init__
    self._build_ui()
  File "/Users/aykut/tekstil-stok/main.py", line 6346, in _build_ui
    self.sevkiyat_view = SevkiyatView(self)
  File "/Users/aykut/tekstil-stok/main.py", line 5709, in __init__
    self.refresh()
  File "/Users/aykut/tekstil-stok/main.py", line 5808, in refresh
    for r in orders:
TypeError: 'NoneType' object is not iterable

============================================================
2026-06-18 20:10:54.979340
Traceback (most recent call last):
  File "/Users/aykut/tekstil-stok/main.py", line 6841, in <module>
    main()
  File "/Users/aykut/tekstil-stok/main.py", line 6831, in main
    window = MainWindow()
  File "/Users/aykut/tekstil-stok/main.py", line 6329, in __init__
    self._build_ui()
  File "/Users/aykut/tekstil-stok/main.py", line 6346, in _build_ui
    self.sevkiyat_view = SevkiyatView(self)
  File "/Users/aykut/tekstil-stok/main.py", line 5709, in __init__
    self.refresh()
  File "/Users/aykut/tekstil-stok/main.py", line 5808, in refresh
    for r in orders:
TypeError: 'NoneType' object is not iterable
